2018-12-25.11:24:44 INFO  [main] c.x.f.c.CommonserviceApplication.logStarting:50  Starting CommonserviceApplication on PC-20181122BOIG with PID 9020 (D:\workspace\douban\flowDouban\CommonService\target\classes started by Administrator in D:\workspace\douban\flowDouban)
2018-12-25.11:24:44 DEBUG [main] c.x.f.c.CommonserviceApplication.logStarting:53  Running with Spring Boot v2.0.5.RELEASE, Spring v5.0.9.RELEASE
2018-12-25.11:24:44 INFO  [main] c.x.f.c.CommonserviceApplication.logStartupProfileInfo:680  No active profile set, falling back to default profiles: default
2018-12-25.11:24:47 INFO  [main] c.x.f.c.CommonserviceApplication.logStarted:59  Started CommonserviceApplication in 2.787 seconds (JVM running for 4.917)
2018-12-25.11:34:20 INFO  [main] c.x.f.c.CommonserviceApplication.logStarting:50  Starting CommonserviceApplication on PC-20181122BOIG with PID 9980 (D:\workspace\douban\flowDouban\CommonService\target\classes started by Administrator in D:\workspace\douban\flowDouban)
2018-12-25.11:34:20 DEBUG [main] c.x.f.c.CommonserviceApplication.logStarting:53  Running with Spring Boot v2.0.5.RELEASE, Spring v5.0.9.RELEASE
2018-12-25.11:34:20 INFO  [main] c.x.f.c.CommonserviceApplication.logStartupProfileInfo:680  No active profile set, falling back to default profiles: default
2018-12-25.11:34:22 INFO  [main] c.x.f.c.CommonserviceApplication.logStarted:59  Started CommonserviceApplication in 2.323 seconds (JVM running for 3.096)
2018-12-25.11:37:38 INFO  [main] c.x.f.c.CommonserviceApplication.logStarting:50  Starting CommonserviceApplication on PC-20181122BOIG with PID 4472 (D:\workspace\douban\flowDouban\CommonService\target\classes started by Administrator in D:\workspace\douban\flowDouban)
2018-12-25.11:37:38 DEBUG [main] c.x.f.c.CommonserviceApplication.logStarting:53  Running with Spring Boot v2.0.5.RELEASE, Spring v5.0.9.RELEASE
2018-12-25.11:37:38 INFO  [main] c.x.f.c.CommonserviceApplication.logStartupProfileInfo:680  No active profile set, falling back to default profiles: default
2018-12-25.11:37:39 INFO  [main] c.x.f.c.CommonserviceApplication.logStarted:59  Started CommonserviceApplication in 2.027 seconds (JVM running for 2.734)
2018-12-25.17:16:49 INFO  [main] c.x.f.c.CommonserviceApplication.logStarting:50  Starting CommonserviceApplication on PC-20181122BOIG with PID 13860 (D:\workspace\douban\flowDouban\CommonService\target\classes started by Administrator in D:\workspace\douban\flowDouban)
2018-12-25.17:16:49 DEBUG [main] c.x.f.c.CommonserviceApplication.logStarting:53  Running with Spring Boot v2.0.5.RELEASE, Spring v5.0.9.RELEASE
2018-12-25.17:16:49 INFO  [main] c.x.f.c.CommonserviceApplication.logStartupProfileInfo:680  No active profile set, falling back to default profiles: default
2018-12-25.17:16:51 INFO  [main] c.x.f.c.CommonserviceApplication.logStarted:59  Started CommonserviceApplication in 2.207 seconds (JVM running for 3.003)
2018-12-25.17:23:29 INFO  [main] c.x.f.c.CommonserviceApplication.logStarting:50  Starting CommonserviceApplication on PC-20181122BOIG with PID 11384 (D:\workspace\douban\flowDouban\CommonService\target\classes started by Administrator in D:\workspace\douban\flowDouban)
2018-12-25.17:23:29 DEBUG [main] c.x.f.c.CommonserviceApplication.logStarting:53  Running with Spring Boot v2.0.5.RELEASE, Spring v5.0.9.RELEASE
2018-12-25.17:23:29 INFO  [main] c.x.f.c.CommonserviceApplication.logStartupProfileInfo:684  The following profiles are active: test
2018-12-25.17:23:30 INFO  [main] c.x.f.c.CommonserviceApplication.logStarted:59  Started CommonserviceApplication in 2.133 seconds (JVM running for 2.947)
2018-12-25.17:24:16 INFO  [main] c.x.f.c.CommonserviceApplication.logStarting:50  Starting CommonserviceApplication on PC-20181122BOIG with PID 14024 (D:\workspace\douban\flowDouban\CommonService\target\classes started by Administrator in D:\workspace\douban\flowDouban)
2018-12-25.17:24:16 DEBUG [main] c.x.f.c.CommonserviceApplication.logStarting:53  Running with Spring Boot v2.0.5.RELEASE, Spring v5.0.9.RELEASE
2018-12-25.17:24:16 INFO  [main] c.x.f.c.CommonserviceApplication.logStartupProfileInfo:684  The following profiles are active: test
2018-12-25.17:24:17 INFO  [main] c.x.f.c.CommonserviceApplication.logStarted:59  Started CommonserviceApplication in 2.078 seconds (JVM running for 2.785)
2018-12-25.17:27:06 INFO  [main] c.x.f.c.CommonserviceApplication.logStarting:50  Starting CommonserviceApplication on PC-20181122BOIG with PID 12456 (D:\workspace\douban\flowDouban\CommonService\target\classes started by Administrator in D:\workspace\douban\flowDouban)
2018-12-25.17:27:06 DEBUG [main] c.x.f.c.CommonserviceApplication.logStarting:53  Running with Spring Boot v2.0.5.RELEASE, Spring v5.0.9.RELEASE
2018-12-25.17:27:06 INFO  [main] c.x.f.c.CommonserviceApplication.logStartupProfileInfo:684  The following profiles are active: test
2018-12-25.17:27:07 INFO  [main] c.x.f.c.CommonserviceApplication.logStarted:59  Started CommonserviceApplication in 2.06 seconds (JVM running for 2.897)
2018-12-25.17:28:26 INFO  [main] c.x.f.c.CommonserviceApplication.logStarting:50  Starting CommonserviceApplication on PC-20181122BOIG with PID 10192 (D:\workspace\douban\flowDouban\CommonService\target\classes started by Administrator in D:\workspace\douban\flowDouban)
2018-12-25.17:28:26 DEBUG [main] c.x.f.c.CommonserviceApplication.logStarting:53  Running with Spring Boot v2.0.5.RELEASE, Spring v5.0.9.RELEASE
2018-12-25.17:28:26 INFO  [main] c.x.f.c.CommonserviceApplication.logStartupProfileInfo:680  No active profile set, falling back to default profiles: default
2018-12-25.17:28:28 INFO  [main] c.x.f.c.CommonserviceApplication.logStarted:59  Started CommonserviceApplication in 2.066 seconds (JVM running for 2.854)
2018-12-25.17:40:00 INFO  [main] c.x.f.c.CommonserviceApplication.logStarting:50  Starting CommonserviceApplication on PC-20181122BOIG with PID 2072 (D:\workspace\douban\flowDouban\CommonService\target\classes started by Administrator in D:\workspace\douban\flowDouban)
2018-12-25.17:40:00 DEBUG [main] c.x.f.c.CommonserviceApplication.logStarting:53  Running with Spring Boot v2.0.5.RELEASE, Spring v5.0.9.RELEASE
2018-12-25.17:40:00 INFO  [main] c.x.f.c.CommonserviceApplication.logStartupProfileInfo:680  No active profile set, falling back to default profiles: default
2018-12-25.17:40:02 INFO  [main] c.x.f.c.CommonserviceApplication.logStarted:59  Started CommonserviceApplication in 2.02 seconds (JVM running for 2.78)
2018-12-25.17:44:50 INFO  [main] c.x.f.c.CommonserviceApplication.logStarting:50  Starting CommonserviceApplication on PC-20181122BOIG with PID 11828 (D:\workspace\douban\flowDouban\CommonService\target\classes started by Administrator in D:\workspace\douban\flowDouban)
2018-12-25.17:44:50 DEBUG [main] c.x.f.c.CommonserviceApplication.logStarting:53  Running with Spring Boot v2.0.5.RELEASE, Spring v5.0.9.RELEASE
2018-12-25.17:44:50 INFO  [main] c.x.f.c.CommonserviceApplication.logStartupProfileInfo:680  No active profile set, falling back to default profiles: default
2018-12-25.17:44:51 INFO  [main] c.x.f.c.CommonserviceApplication.logStarted:59  Started CommonserviceApplication in 1.931 seconds (JVM running for 2.768)
